<?xml version="1.0" encoding="UTF-8"?>
<testng-results ignored="0" total="1" passed="1" failed="0" skipped="0">
  <reporter-output>
  </reporter-output>
  <suite started-at="2025-07-12T18:40:09 IST" name="Default suite" finished-at="2025-07-12T18:40:16 IST" duration-ms="7008">
    <groups>
    </groups>
    <test started-at="2025-07-12T18:40:09 IST" name="Default test" finished-at="2025-07-12T18:40:16 IST" duration-ms="7008">
      <class name="Rest.API.Testing.RestAssures_APITesting.SumValidation">
        <test-method signature="sumOfCourses()[pri:0, instance:Rest.API.Testing.RestAssures_APITesting.SumValidation@7f0eb4b4]" started-at="2025-07-12T18:40:09 IST" name="sumOfCourses" finished-at="2025-07-12T18:40:16 IST" duration-ms="6749" status="PASS">
          <reporter-output>
          </reporter-output>
        </test-method> <!-- sumOfCourses -->
      </class> <!-- Rest.API.Testing.RestAssures_APITesting.SumValidation -->
    </test> <!-- Default test -->
  </suite> <!-- Default suite -->
</testng-results>
