<?xml version="1.0" encoding="UTF-8"?>
<testng-results ignored="0" total="1" passed="1" failed="0" skipped="0">
  <reporter-output>
  </reporter-output>
  <suite started-at="2025-07-15T16:39:37 IST" name="Default suite" finished-at="2025-07-15T16:39:46 IST" duration-ms="9169">
    <groups>
    </groups>
    <test started-at="2025-07-15T16:39:37 IST" name="Default test" finished-at="2025-07-15T16:39:46 IST" duration-ms="9169">
      <class name="Rest.API.Testing.RestAssures_APITesting.JiraIssueCreator">
        <test-method signature="createJiraBugIssue()[pri:0, instance:Rest.API.Testing.RestAssures_APITesting.JiraIssueCreator@7f0eb4b4]" started-at="2025-07-15T16:39:37 IST" name="createJiraBugIssue" finished-at="2025-07-15T16:39:46 IST" duration-ms="8981" status="PASS">
          <reporter-output>
          </reporter-output>
        </test-method> <!-- createJiraBugIssue -->
      </class> <!-- Rest.API.Testing.RestAssures_APITesting.JiraIssueCreator -->
    </test> <!-- Default test -->
  </suite> <!-- Default suite -->
</testng-results>
